#
# There is insufficient memory for the Java Runtime Environment to continue.
# Native memory allocation (malloc) failed to allocate 882896 bytes for Chunk::new
# Possible reasons:
#   The system is out of physical RAM or swap space
#   The process is running with CompressedOops enabled, and the Java Heap may be blocking the growth of the native heap
# Possible solutions:
#   Reduce memory load on the system
#   Increase physical memory or swap space
#   Check if swap backing store is full
#   Decrease Java heap size (-Xmx/-Xms)
#   Decrease number of Java threads
#   Decrease Java thread stack sizes (-Xss)
#   Set larger code cache with -XX:ReservedCodeCacheSize=
#   JVM is running with Zero Based Compressed Oops mode in which the Java heap is
#     placed in the first 32GB address space. The Java Heap base address is the
#     maximum limit for the native heap growth. Please use -XX:HeapBaseMinAddress
#     to set the Java Heap base and to place the Java Heap above 32GB virtual address.
# This output file may be truncated or incomplete.
#
#  Out of Memory Error (./src/hotspot/share/memory/arena.cpp:197), pid=8488, tid=20252
#
# JRE version: OpenJDK Runtime Environment Zulu11.60+19-CA (11.0.17+8) (build 11.0.17+8-LTS)
# Java VM: OpenJDK 64-Bit Server VM Zulu11.60+19-CA (11.0.17+8-LTS, mixed mode, tiered, compressed oops, g1 gc, windows-amd64)
# No core dump will be written. Minidumps are not enabled by default on client versions of Windows
#

---------------  S U M M A R Y ------------

Command Line: -Dfile.encoding=UTF-8 -Duser.country=KR -Duser.language=ko -Duser.variant com.example.sample.SampleApplication

Host: AMD Ryzen 7 5800X3D 8-Core Processor           , 16 cores, 15G,  Windows 11 , 64 bit Build 22000 (10.0.22000.1516)
Time: Tue Mar 14 00:18:50 2023  Windows 11 , 64 bit Build 22000 (10.0.22000.1516) elapsed time: 1.247073 seconds (0d 0h 0m 1s)

---------------  T H R E A D  ---------------

Current thread (0x000001f0c380c000):  JavaThread "C2 CompilerThread0" daemon [_thread_in_native, id=20252, stack(0x00000084c7b00000,0x00000084c7c00000)]


Current CompileTask:
C2:   1247 3185       4       org.springframework.boot.context.properties.source.ConfigurationPropertyName$ElementsParser::add (220 bytes)

Stack: [0x00000084c7b00000,0x00000084c7c00000]
Native frames: (J=compiled Java code, j=interpreted, Vv=VM code, C=native code)
V  [jvm.dll+0x62942a]
V  [jvm.dll+0x7b6f39]
V  [jvm.dll+0x7b8628]
V  [jvm.dll+0x7b8d03]
V  [jvm.dll+0x2539f8]
V  [jvm.dll+0xc245c]
V  [jvm.dll+0xc2a1c]
V  [jvm.dll+0x360257]
V  [jvm.dll+0x32ba53]
V  [jvm.dll+0x32ad8a]
V  [jvm.dll+0x208793]
V  [jvm.dll+0x20789d]
V  [jvm.dll+0x18a0c1]
V  [jvm.dll+0x217234]
V  [jvm.dll+0x21547b]
V  [jvm.dll+0x779ac0]
V  [jvm.dll+0x7729e4]
V  [jvm.dll+0x628295]
C  [ucrtbase.dll+0x26c0c]
C  [KERNEL32.DLL+0x155a0]
C  [ntdll.dll+0x485b]


---------------  P R O C E S S  ---------------

Threads class SMR info:
_java_thread_list=0x000001f0c6a48c60, length=16, elements={
0x000001f09e586000, 0x000001f0c3791800, 0x000001f0c379a800, 0x000001f0c3804800,
0x000001f0c3807800, 0x000001f0c380b000, 0x000001f0c380c000, 0x000001f0c3815000,
0x000001f0c3820000, 0x000001f0c3760800, 0x000001f0c39f5000, 0x000001f0c3ad2000,
0x000001f0c3ad8800, 0x000001f0c3da9000, 0x000001f0c428e000, 0x000001f0c6bbd000
}

Java Threads: ( => current thread )
  0x000001f09e586000 JavaThread "main" [_thread_in_native, id=11104, stack(0x00000084c6f00000,0x00000084c7000000)]
  0x000001f0c3791800 JavaThread "Reference Handler" daemon [_thread_blocked, id=11752, stack(0x00000084c7600000,0x00000084c7700000)]
  0x000001f0c379a800 JavaThread "Finalizer" daemon [_thread_blocked, id=7772, stack(0x00000084c7700000,0x00000084c7800000)]
  0x000001f0c3804800 JavaThread "Signal Dispatcher" daemon [_thread_blocked, id=20392, stack(0x00000084c7800000,0x00000084c7900000)]
  0x000001f0c3807800 JavaThread "Attach Listener" daemon [_thread_blocked, id=18780, stack(0x00000084c7900000,0x00000084c7a00000)]
  0x000001f0c380b000 JavaThread "Service Thread" daemon [_thread_blocked, id=20460, stack(0x00000084c7a00000,0x00000084c7b00000)]
=>0x000001f0c380c000 JavaThread "C2 CompilerThread0" daemon [_thread_in_native, id=20252, stack(0x00000084c7b00000,0x00000084c7c00000)]
  0x000001f0c3815000 JavaThread "C1 CompilerThread0" daemon [_thread_blocked, id=16796, stack(0x00000084c7c00000,0x00000084c7d00000)]
  0x000001f0c3820000 JavaThread "Sweeper thread" daemon [_thread_blocked, id=15244, stack(0x00000084c7d00000,0x00000084c7e00000)]
  0x000001f0c3760800 JavaThread "C1 CompilerThread1" daemon [_thread_blocked, id=9184, stack(0x00000084c7e00000,0x00000084c7f00000)]
  0x000001f0c39f5000 JavaThread "Common-Cleaner" daemon [_thread_blocked, id=12816, stack(0x00000084c8000000,0x00000084c8100000)]
  0x000001f0c3ad2000 JavaThread "C2 CompilerThread1" daemon [_thread_in_native, id=20268, stack(0x00000084c8100000,0x00000084c8200000)]
  0x000001f0c3ad8800 JavaThread "C2 CompilerThread2" daemon [_thread_in_native, id=9032, stack(0x00000084c8200000,0x00000084c8300000)]
  0x000001f0c3da9000 JavaThread "C1 CompilerThread2" daemon [_thread_blocked, id=5432, stack(0x00000084c8300000,0x00000084c8400000)]
  0x000001f0c428e000 JavaThread "C1 CompilerThread3" daemon [_thread_blocked, id=2204, stack(0x00000084c8400000,0x00000084c8500000)]
  0x000001f0c6bbd000 JavaThread "C2 CompilerThread3" daemon [_thread_in_native, id=19708, stack(0x00000084c8d00000,0x00000084c8e00000)]

Other Threads:
  0x000001f0c376d000 VMThread "VM Thread" [stack: 0x00000084c7500000,0x00000084c7600000] [id=4308]
  0x000001f0c39f0000 WatcherThread [stack: 0x00000084c7f00000,0x00000084c8000000] [id=5624]
  0x000001f09e59d800 GCTaskThread "GC Thread#0" [stack: 0x00000084c7000000,0x00000084c7100000] [id=7348]
  0x000001f0c439d000 GCTaskThread "GC Thread#1" [stack: 0x00000084c8500000,0x00000084c8600000] [id=1840]
  0x000001f0c445a000 GCTaskThread "GC Thread#2" [stack: 0x00000084c8600000,0x00000084c8700000] [id=18136]
  0x000001f0c4410000 GCTaskThread "GC Thread#3" [stack: 0x00000084c8700000,0x00000084c8800000] [id=16904]
  0x000001f0c4410800 GCTaskThread "GC Thread#4" [stack: 0x00000084c8800000,0x00000084c8900000] [id=12920]
  0x000001f0c438b800 GCTaskThread "GC Thread#5" [stack: 0x00000084c8900000,0x00000084c8a00000] [id=19336]
  0x000001f09e600000 ConcurrentGCThread "G1 Main Marker" [stack: 0x00000084c7100000,0x00000084c7200000] [id=9308]
  0x000001f09e602000 ConcurrentGCThread "G1 Conc#0" [stack: 0x00000084c7200000,0x00000084c7300000] [id=15224]
  0x000001f0c4393800 ConcurrentGCThread "G1 Conc#1" [stack: 0x00000084c8b00000,0x00000084c8c00000] [id=17748]
  0x000001f0c4b6a000 ConcurrentGCThread "G1 Conc#2" [stack: 0x00000084c8c00000,0x00000084c8d00000] [id=3128]
  0x000001f0c2dce800 ConcurrentGCThread "G1 Refine#0" [stack: 0x00000084c7300000,0x00000084c7400000] [id=19860]
  0x000001f0c2dd1800 ConcurrentGCThread "G1 Young RemSet Sampling" [stack: 0x00000084c7400000,0x00000084c7500000] [id=7988]

Threads with active compile tasks:
C2 CompilerThread0     1257 3185       4       org.springframework.boot.context.properties.source.ConfigurationPropertyName$ElementsParser::add (220 bytes)
C2 CompilerThread1     1257 3190   !   4       sun.nio.fs.WindowsPath::initOffsets (153 bytes)
C2 CompilerThread2     1257 3149       4       java.lang.invoke.MethodType::makeImpl (108 bytes)
C2 CompilerThread3     1257 3126       4       org.springframework.boot.context.properties.source.ConfigurationPropertyName$ElementsParser::parse (234 bytes)

VM state:not at safepoint (normal execution)

VM Mutex/Monitor currently owned by a thread: None

Heap address: 0x0000000701600000, size: 4074 MB, Compressed Oops mode: Zero based, Oop shift amount: 3
Narrow klass base: 0x0000000800000000, Narrow klass shift: 0
Compressed class space size: 1073741824 Address: 0x0000000800000000

Heap:
 garbage-first heap   total 262144K, used 45357K [0x0000000701600000, 0x0000000800000000)
  region size 1024K, 41 young (41984K), 4 survivors (4096K)
 Metaspace       used 33446K, capacity 34350K, committed 34560K, reserved 1079296K
  class space    used 3922K, capacity 4253K, committed 4352K, reserved 1048576K
Heap Regions: E=young(eden), S=young(survivor), O=old, HS=humongous(starts), HC=humongous(continues), CS=collection set, F=free, A=archive, TAMS=top-at-mark-start (previous, next)
|   0|0x0000000701600000, 0x0000000701700000, 0x0000000701700000|100%| O|  |TAMS 0x0000000701700000, 0x0000000701600000| Untracked 
|   1|0x0000000701700000, 0x0000000701800000, 0x0000000701800000|100%| O|  |TAMS 0x00000007017a3c00, 0x0000000701700000| Untracked 
|   2|0x0000000701800000, 0x0000000701900000, 0x0000000701900000|100%| O|  |TAMS 0x0000000701800000, 0x0000000701800000| Untracked 
|   3|0x0000000701900000, 0x0000000701a00000, 0x0000000701a00000|100%| O|  |TAMS 0x0000000701900000, 0x0000000701900000| Untracked 
|   4|0x0000000701a00000, 0x0000000701a87800, 0x0000000701b00000| 52%| O|  |TAMS 0x0000000701a00000, 0x0000000701a00000| Untracked 
|   5|0x0000000701b00000, 0x0000000701b00000, 0x0000000701c00000|  0%| F|  |TAMS 0x0000000701b00000, 0x0000000701b00000| Untracked 
|   6|0x0000000701c00000, 0x0000000701c00000, 0x0000000701d00000|  0%| F|  |TAMS 0x0000000701c00000, 0x0000000701c00000| Untracked 
|   7|0x0000000701d00000, 0x0000000701d00000, 0x0000000701e00000|  0%| F|  |TAMS 0x0000000701d00000, 0x0000000701d00000| Untracked 
|   8|0x0000000701e00000, 0x0000000701e00000, 0x0000000701f00000|  0%| F|  |TAMS 0x0000000701e00000, 0x0000000701e00000| Untracked 
|   9|0x0000000701f00000, 0x0000000701f00000, 0x0000000702000000|  0%| F|  |TAMS 0x0000000701f00000, 0x0000000701f00000| Untracked 
|  10|0x0000000702000000, 0x0000000702000000, 0x0000000702100000|  0%| F|  |TAMS 0x0000000702000000, 0x0000000702000000| Untracked 
|  11|0x0000000702100000, 0x0000000702100000, 0x0000000702200000|  0%| F|  |TAMS 0x0000000702100000, 0x0000000702100000| Untracked 
|  12|0x0000000702200000, 0x0000000702200000, 0x0000000702300000|  0%| F|  |TAMS 0x0000000702200000, 0x0000000702200000| Untracked 
|  13|0x0000000702300000, 0x0000000702300000, 0x0000000702400000|  0%| F|  |TAMS 0x0000000702300000, 0x0000000702300000| Untracked 
|  14|0x0000000702400000, 0x0000000702400000, 0x0000000702500000|  0%| F|  |TAMS 0x0000000702400000, 0x0000000702400000| Untracked 
|  15|0x0000000702500000, 0x0000000702500000, 0x0000000702600000|  0%| F|  |TAMS 0x0000000702500000, 0x0000000702500000| Untracked 
|  16|0x0000000702600000, 0x0000000702600000, 0x0000000702700000|  0%| F|  |TAMS 0x0000000702600000, 0x0000000702600000| Untracked 
|  17|0x0000000702700000, 0x0000000702700000, 0x0000000702800000|  0%| F|  |TAMS 0x0000000702700000, 0x0000000702700000| Untracked 
|  18|0x0000000702800000, 0x0000000702800000, 0x0000000702900000|  0%| F|  |TAMS 0x0000000702800000, 0x0000000702800000| Untracked 
|  19|0x0000000702900000, 0x0000000702900000, 0x0000000702a00000|  0%| F|  |TAMS 0x0000000702900000, 0x0000000702900000| Untracked 
|  20|0x0000000702a00000, 0x0000000702a00000, 0x0000000702b00000|  0%| F|  |TAMS 0x0000000702a00000, 0x0000000702a00000| Untracked 
|  21|0x0000000702b00000, 0x0000000702b00000, 0x0000000702c00000|  0%| F|  |TAMS 0x0000000702b00000, 0x0000000702b00000| Untracked 
|  22|0x0000000702c00000, 0x0000000702c00000, 0x0000000702d00000|  0%| F|  |TAMS 0x0000000702c00000, 0x0000000702c00000| Untracked 
|  23|0x0000000702d00000, 0x0000000702d00000, 0x0000000702e00000|  0%| F|  |TAMS 0x0000000702d00000, 0x0000000702d00000| Untracked 
|  24|0x0000000702e00000, 0x0000000702e00000, 0x0000000702f00000|  0%| F|  |TAMS 0x0000000702e00000, 0x0000000702e00000| Untracked 
|  25|0x0000000702f00000, 0x0000000702f00000, 0x0000000703000000|  0%| F|  |TAMS 0x0000000702f00000, 0x0000000702f00000| Untracked 
|  26|0x0000000703000000, 0x0000000703000000, 0x0000000703100000|  0%| F|  |TAMS 0x0000000703000000, 0x0000000703000000| Untracked 
|  27|0x0000000703100000, 0x0000000703100000, 0x0000000703200000|  0%| F|  |TAMS 0x0000000703100000, 0x0000000703100000| Untracked 
|  28|0x0000000703200000, 0x0000000703200000, 0x0000000703300000|  0%| F|  |TAMS 0x0000000703200000, 0x0000000703200000| Untracked 
|  29|0x0000000703300000, 0x0000000703300000, 0x0000000703400000|  0%| F|  |TAMS 0x0000000703300000, 0x0000000703300000| Untracked 
|  30|0x0000000703400000, 0x0000000703400000, 0x0000000703500000|  0%| F|  |TAMS 0x0000000703400000, 0x0000000703400000| Untracked 
|  31|0x0000000703500000, 0x0000000703500000, 0x0000000703600000|  0%| F|  |TAMS 0x0000000703500000, 0x0000000703500000| Untracked 
|  32|0x0000000703600000, 0x0000000703600000, 0x0000000703700000|  0%| F|  |TAMS 0x0000000703600000, 0x0000000703600000| Untracked 
|  33|0x0000000703700000, 0x0000000703700000, 0x0000000703800000|  0%| F|  |TAMS 0x0000000703700000, 0x0000000703700000| Untracked 
|  34|0x0000000703800000, 0x0000000703800000, 0x0000000703900000|  0%| F|  |TAMS 0x0000000703800000, 0x0000000703800000| Untracked 
|  35|0x0000000703900000, 0x0000000703900000, 0x0000000703a00000|  0%| F|  |TAMS 0x0000000703900000, 0x0000000703900000| Untracked 
|  36|0x0000000703a00000, 0x0000000703a00000, 0x0000000703b00000|  0%| F|  |TAMS 0x0000000703a00000, 0x0000000703a00000| Untracked 
|  37|0x0000000703b00000, 0x0000000703b00000, 0x0000000703c00000|  0%| F|  |TAMS 0x0000000703b00000, 0x0000000703b00000| Untracked 
|  38|0x0000000703c00000, 0x0000000703c00000, 0x0000000703d00000|  0%| F|  |TAMS 0x0000000703c00000, 0x0000000703c00000| Untracked 
|  39|0x0000000703d00000, 0x0000000703d00000, 0x0000000703e00000|  0%| F|  |TAMS 0x0000000703d00000, 0x0000000703d00000| Untracked 
|  40|0x0000000703e00000, 0x0000000703e00000, 0x0000000703f00000|  0%| F|  |TAMS 0x0000000703e00000, 0x0000000703e00000| Untracked 
|  41|0x0000000703f00000, 0x0000000703f00000, 0x0000000704000000|  0%| F|  |TAMS 0x0000000703f00000, 0x0000000703f00000| Untracked 
|  42|0x0000000704000000, 0x0000000704000000, 0x0000000704100000|  0%| F|  |TAMS 0x0000000704000000, 0x0000000704000000| Untracked 
|  43|0x0000000704100000, 0x0000000704100000, 0x0000000704200000|  0%| F|  |TAMS 0x0000000704100000, 0x0000000704100000| Untracked 
|  44|0x0000000704200000, 0x0000000704200000, 0x0000000704300000|  0%| F|  |TAMS 0x0000000704200000, 0x0000000704200000| Untracked 
|  45|0x0000000704300000, 0x0000000704300000, 0x0000000704400000|  0%| F|  |TAMS 0x0000000704300000, 0x0000000704300000| Untracked 
|  46|0x0000000704400000, 0x0000000704400000, 0x0000000704500000|  0%| F|  |TAMS 0x0000000704400000, 0x0000000704400000| Untracked 
|  47|0x0000000704500000, 0x0000000704500000, 0x0000000704600000|  0%| F|  |TAMS 0x0000000704500000, 0x0000000704500000| Untracked 
|  48|0x0000000704600000, 0x0000000704600000, 0x0000000704700000|  0%| F|  |TAMS 0x0000000704600000, 0x0000000704600000| Untracked 
|  49|0x0000000704700000, 0x0000000704700000, 0x0000000704800000|  0%| F|  |TAMS 0x0000000704700000, 0x0000000704700000| Untracked 
|  50|0x0000000704800000, 0x0000000704800000, 0x0000000704900000|  0%| F|  |TAMS 0x0000000704800000, 0x0000000704800000| Untracked 
|  51|0x0000000704900000, 0x0000000704900000, 0x0000000704a00000|  0%| F|  |TAMS 0x0000000704900000, 0x0000000704900000| Untracked 
|  52|0x0000000704a00000, 0x0000000704a00000, 0x0000000704b00000|  0%| F|  |TAMS 0x0000000704a00000, 0x0000000704a00000| Untracked 
|  53|0x0000000704b00000, 0x0000000704b00000, 0x0000000704c00000|  0%| F|  |TAMS 0x0000000704b00000, 0x0000000704b00000| Untracked 
|  54|0x0000000704c00000, 0x0000000704c00000, 0x0000000704d00000|  0%| F|  |TAMS 0x0000000704c00000, 0x0000000704c00000| Untracked 
|  55|0x0000000704d00000, 0x0000000704d00000, 0x0000000704e00000|  0%| F|  |TAMS 0x0000000704d00000, 0x0000000704d00000| Untracked 
|  56|0x0000000704e00000, 0x0000000704e00000, 0x0000000704f00000|  0%| F|  |TAMS 0x0000000704e00000, 0x0000000704e00000| Untracked 
|  57|0x0000000704f00000, 0x0000000704f00000, 0x0000000705000000|  0%| F|  |TAMS 0x0000000704f00000, 0x0000000704f00000| Untracked 
|  58|0x0000000705000000, 0x0000000705000000, 0x0000000705100000|  0%| F|  |TAMS 0x0000000705000000, 0x0000000705000000| Untracked 
|  59|0x0000000705100000, 0x0000000705100000, 0x0000000705200000|  0%| F|  |TAMS 0x0000000705100000, 0x0000000705100000| Untracked 
|  60|0x0000000705200000, 0x0000000705200000, 0x0000000705300000|  0%| F|  |TAMS 0x0000000705200000, 0x0000000705200000| Untracked 
|  61|0x0000000705300000, 0x0000000705300000, 0x0000000705400000|  0%| F|  |TAMS 0x0000000705300000, 0x0000000705300000| Untracked 
|  62|0x0000000705400000, 0x0000000705400000, 0x0000000705500000|  0%| F|  |TAMS 0x0000000705400000, 0x0000000705400000| Untracked 
|  63|0x0000000705500000, 0x0000000705500000, 0x0000000705600000|  0%| F|  |TAMS 0x0000000705500000, 0x0000000705500000| Untracked 
|  64|0x0000000705600000, 0x0000000705600000, 0x0000000705700000|  0%| F|  |TAMS 0x0000000705600000, 0x0000000705600000| Untracked 
|  65|0x0000000705700000, 0x0000000705700000, 0x0000000705800000|  0%| F|  |TAMS 0x0000000705700000, 0x0000000705700000| Untracked 
|  66|0x0000000705800000, 0x0000000705800000, 0x0000000705900000|  0%| F|  |TAMS 0x0000000705800000, 0x0000000705800000| Untracked 
|  67|0x0000000705900000, 0x0000000705900000, 0x0000000705a00000|  0%| F|  |TAMS 0x0000000705900000, 0x0000000705900000| Untracked 
|  68|0x0000000705a00000, 0x0000000705a00000, 0x0000000705b00000|  0%| F|  |TAMS 0x0000000705a00000, 0x0000000705a00000| Untracked 
|  69|0x0000000705b00000, 0x0000000705b00000, 0x0000000705c00000|  0%| F|  |TAMS 0x0000000705b00000, 0x0000000705b00000| Untracked 
|  70|0x0000000705c00000, 0x0000000705c00000, 0x0000000705d00000|  0%| F|  |TAMS 0x0000000705c00000, 0x0000000705c00000| Untracked 
|  71|0x0000000705d00000, 0x0000000705d00000, 0x0000000705e00000|  0%| F|  |TAMS 0x0000000705d00000, 0x0000000705d00000| Untracked 
|  72|0x0000000705e00000, 0x0000000705e00000, 0x0000000705f00000|  0%| F|  |TAMS 0x0000000705e00000, 0x0000000705e00000| Untracked 
|  73|0x0000000705f00000, 0x0000000705f00000, 0x0000000706000000|  0%| F|  |TAMS 0x0000000705f00000, 0x0000000705f00000| Untracked 
|  74|0x0000000706000000, 0x0000000706000000, 0x0000000706100000|  0%| F|  |TAMS 0x0000000706000000, 0x0000000706000000| Untracked 
|  75|0x0000000706100000, 0x0000000706100000, 0x0000000706200000|  0%| F|  |TAMS 0x0000000706100000, 0x0000000706100000| Untracked 
|  76|0x0000000706200000, 0x0000000706200000, 0x0000000706300000|  0%| F|  |TAMS 0x0000000706200000, 0x0000000706200000| Untracked 
|  77|0x0000000706300000, 0x0000000706300000, 0x0000000706400000|  0%| F|  |TAMS 0x0000000706300000, 0x0000000706300000| Untracked 
|  78|0x0000000706400000, 0x0000000706400000, 0x0000000706500000|  0%| F|  |TAMS 0x0000000706400000, 0x0000000706400000| Untracked 
|  79|0x0000000706500000, 0x0000000706500000, 0x0000000706600000|  0%| F|  |TAMS 0x0000000706500000, 0x0000000706500000| Untracked 
|  80|0x0000000706600000, 0x0000000706600000, 0x0000000706700000|  0%| F|  |TAMS 0x0000000706600000, 0x0000000706600000| Untracked 
|  81|0x0000000706700000, 0x0000000706700000, 0x0000000706800000|  0%| F|  |TAMS 0x0000000706700000, 0x0000000706700000| Untracked 
|  82|0x0000000706800000, 0x0000000706800000, 0x0000000706900000|  0%| F|  |TAMS 0x0000000706800000, 0x0000000706800000| Untracked 
|  83|0x0000000706900000, 0x0000000706900000, 0x0000000706a00000|  0%| F|  |TAMS 0x0000000706900000, 0x0000000706900000| Untracked 
|  84|0x0000000706a00000, 0x0000000706a00000, 0x0000000706b00000|  0%| F|  |TAMS 0x0000000706a00000, 0x0000000706a00000| Untracked 
|  85|0x0000000706b00000, 0x0000000706b00000, 0x0000000706c00000|  0%| F|  |TAMS 0x0000000706b00000, 0x0000000706b00000| Untracked 
|  86|0x0000000706c00000, 0x0000000706c00000, 0x0000000706d00000|  0%| F|  |TAMS 0x0000000706c00000, 0x0000000706c00000| Untracked 
|  87|0x0000000706d00000, 0x0000000706d00000, 0x0000000706e00000|  0%| F|  |TAMS 0x0000000706d00000, 0x0000000706d00000| Untracked 
|  88|0x0000000706e00000, 0x0000000706e00000, 0x0000000706f00000|  0%| F|  |TAMS 0x0000000706e00000, 0x0000000706e00000| Untracked 
|  89|0x0000000706f00000, 0x0000000706f00000, 0x0000000707000000|  0%| F|  |TAMS 0x0000000706f00000, 0x0000000706f00000| Untracked 
|  90|0x0000000707000000, 0x0000000707000000, 0x0000000707100000|  0%| F|  |TAMS 0x0000000707000000, 0x0000000707000000| Untracked 
|  91|0x0000000707100000, 0x0000000707100000, 0x0000000707200000|  0%| F|  |TAMS 0x0000000707100000, 0x0000000707100000| Untracked 
|  92|0x0000000707200000, 0x0000000707200000, 0x0000000707300000|  0%| F|  |TAMS 0x0000000707200000, 0x0000000707200000| Untracked 
|  93|0x0000000707300000, 0x0000000707300000, 0x0000000707400000|  0%| F|  |TAMS 0x0000000707300000, 0x0000000707300000| Untracked 
|  94|0x0000000707400000, 0x0000000707400000, 0x0000000707500000|  0%| F|  |TAMS 0x0000000707400000, 0x0000000707400000| Untracked 
|  95|0x0000000707500000, 0x0000000707500000, 0x0000000707600000|  0%| F|  |TAMS 0x0000000707500000, 0x0000000707500000| Untracked 
|  96|0x0000000707600000, 0x0000000707600000, 0x0000000707700000|  0%| F|  |TAMS 0x0000000707600000, 0x0000000707600000| Untracked 
|  97|0x0000000707700000, 0x0000000707700000, 0x0000000707800000|  0%| F|  |TAMS 0x0000000707700000, 0x0000000707700000| Untracked 
|  98|0x0000000707800000, 0x0000000707800000, 0x0000000707900000|  0%| F|  |TAMS 0x0000000707800000, 0x0000000707800000| Untracked 
|  99|0x0000000707900000, 0x0000000707900000, 0x0000000707a00000|  0%| F|  |TAMS 0x0000000707900000, 0x0000000707900000| Untracked 
| 100|0x0000000707a00000, 0x0000000707a00000, 0x0000000707b00000|  0%| F|  |TAMS 0x0000000707a00000, 0x0000000707a00000| Untracked 
| 101|0x0000000707b00000, 0x0000000707b00000, 0x0000000707c00000|  0%| F|  |TAMS 0x0000000707b00000, 0x0000000707b00000| Untracked 
| 102|0x0000000707c00000, 0x0000000707c00000, 0x0000000707d00000|  0%| F|  |TAMS 0x0000000707c00000, 0x0000000707c00000| Untracked 
| 103|0x0000000707d00000, 0x0000000707d00000, 0x0000000707e00000|  0%| F|  |TAMS 0x0000000707d00000, 0x0000000707d00000| Untracked 
| 104|0x0000000707e00000, 0x0000000707e00000, 0x0000000707f00000|  0%| F|  |TAMS 0x0000000707e00000, 0x0000000707e00000| Untracked 
| 105|0x0000000707f00000, 0x0000000707f00000, 0x0000000708000000|  0%| F|  |TAMS 0x0000000707f00000, 0x0000000707f00000| Untracked 
| 106|0x0000000708000000, 0x0000000708000000, 0x0000000708100000|  0%| F|  |TAMS 0x0000000708000000, 0x0000000708000000| Untracked 
| 107|0x0000000708100000, 0x0000000708100000, 0x0000000708200000|  0%| F|  |TAMS 0x0000000708100000, 0x0000000708100000| Untracked 
| 108|0x0000000708200000, 0x0000000708200000, 0x0000000708300000|  0%| F|  |TAMS 0x0000000708200000, 0x0000000708200000| Untracked 
| 109|0x0000000708300000, 0x0000000708300000, 0x0000000708400000|  0%| F|  |TAMS 0x0000000708300000, 0x0000000708300000| Untracked 
| 110|0x0000000708400000, 0x0000000708400000, 0x0000000708500000|  0%| F|  |TAMS 0x0000000708400000, 0x0000000708400000| Untracked 
| 111|0x0000000708500000, 0x0000000708500000, 0x0000000708600000|  0%| F|  |TAMS 0x0000000708500000, 0x0000000708500000| Untracked 
| 112|0x0000000708600000, 0x0000000708600000, 0x0000000708700000|  0%| F|  |TAMS 0x0000000708600000, 0x0000000708600000| Untracked 
| 113|0x0000000708700000, 0x0000000708700000, 0x0000000708800000|  0%| F|  |TAMS 0x0000000708700000, 0x0000000708700000| Untracked 
| 114|0x0000000708800000, 0x0000000708800000, 0x0000000708900000|  0%| F|  |TAMS 0x0000000708800000, 0x0000000708800000| Untracked 
| 115|0x0000000708900000, 0x0000000708900000, 0x0000000708a00000|  0%| F|  |TAMS 0x0000000708900000, 0x0000000708900000| Untracked 
| 116|0x0000000708a00000, 0x0000000708a00000, 0x0000000708b00000|  0%| F|  |TAMS 0x0000000708a00000, 0x0000000708a00000| Untracked 
| 117|0x0000000708b00000, 0x0000000708b00000, 0x0000000708c00000|  0%| F|  |TAMS 0x0000000708b00000, 0x0000000708b00000| Untracked 
| 118|0x0000000708c00000, 0x0000000708c00000, 0x0000000708d00000|  0%| F|  |TAMS 0x0000000708c00000, 0x0000000708c00000| Untracked 
| 119|0x0000000708d00000, 0x0000000708d00000, 0x0000000708e00000|  0%| F|  |TAMS 0x0000000708d00000, 0x0000000708d00000| Untracked 
| 120|0x0000000708e00000, 0x0000000708e00000, 0x0000000708f00000|  0%| F|  |TAMS 0x0000000708e00000, 0x0000000708e00000| Untracked 
| 121|0x0000000708f00000, 0x0000000708f00000, 0x0000000709000000|  0%| F|  |TAMS 0x0000000708f00000, 0x0000000708f00000| Untracked 
| 122|0x0000000709000000, 0x0000000709000000, 0x0000000709100000|  0%| F|  |TAMS 0x0000000709000000, 0x0000000709000000| Untracked 
| 123|0x0000000709100000, 0x0000000709100000, 0x0000000709200000|  0%| F|  |TAMS 0x0000000709100000, 0x0000000709100000| Untracked 
| 124|0x0000000709200000, 0x0000000709200000, 0x0000000709300000|  0%| F|  |TAMS 0x0000000709200000, 0x0000000709200000| Untracked 
| 125|0x0000000709300000, 0x0000000709300000, 0x0000000709400000|  0%| F|  |TAMS 0x0000000709300000, 0x0000000709300000| Untracked 
| 126|0x0000000709400000, 0x0000000709400000, 0x0000000709500000|  0%| F|  |TAMS 0x0000000709400000, 0x0000000709400000| Untracked 
| 127|0x0000000709500000, 0x0000000709500000, 0x0000000709600000|  0%| F|  |TAMS 0x0000000709500000, 0x0000000709500000| Untracked 
| 128|0x0000000709600000, 0x0000000709600000, 0x0000000709700000|  0%| F|  |TAMS 0x0000000709600000, 0x0000000709600000| Untracked 
| 129|0x0000000709700000, 0x0000000709700000, 0x0000000709800000|  0%| F|  |TAMS 0x0000000709700000, 0x0000000709700000| Untracked 
| 130|0x0000000709800000, 0x0000000709800000, 0x0000000709900000|  0%| F|  |TAMS 0x0000000709800000, 0x0000000709800000| Untracked 
| 131|0x0000000709900000, 0x0000000709900000, 0x0000000709a00000|  0%| F|  |TAMS 0x0000000709900000, 0x0000000709900000| Untracked 
| 132|0x0000000709a00000, 0x0000000709a00000, 0x0000000709b00000|  0%| F|  |TAMS 0x0000000709a00000, 0x0000000709a00000| Untracked 
| 133|0x0000000709b00000, 0x0000000709b00000, 0x0000000709c00000|  0%| F|  |TAMS 0x0000000709b00000, 0x0000000709b00000| Untracked 
| 134|0x0000000709c00000, 0x0000000709c00000, 0x0000000709d00000|  0%| F|  |TAMS 0x0000000709c00000, 0x0000000709c00000| Untracked 
| 135|0x0000000709d00000, 0x0000000709d00000, 0x0000000709e00000|  0%| F|  |TAMS 0x0000000709d00000, 0x0000000709d00000| Untracked 
| 136|0x0000000709e00000, 0x0000000709e00000, 0x0000000709f00000|  0%| F|  |TAMS 0x0000000709e00000, 0x0000000709e00000| Untracked 
| 137|0x0000000709f00000, 0x0000000709f00000, 0x000000070a000000|  0%| F|  |TAMS 0x0000000709f00000, 0x0000000709f00000| Untracked 
| 138|0x000000070a000000, 0x000000070a000000, 0x000000070a100000|  0%| F|  |TAMS 0x000000070a000000, 0x000000070a000000| Untracked 
| 139|0x000000070a100000, 0x000000070a100000, 0x000000070a200000|  0%| F|  |TAMS 0x000000070a100000, 0x000000070a100000| Untracked 
| 140|0x000000070a200000, 0x000000070a200000, 0x000000070a300000|  0%| F|  |TAMS 0x000000070a200000, 0x000000070a200000| Untracked 
| 141|0x000000070a300000, 0x000000070a300000, 0x000000070a400000|  0%| F|  |TAMS 0x000000070a300000, 0x000000070a300000| Untracked 
| 142|0x000000070a400000, 0x000000070a400000, 0x000000070a500000|  0%| F|  |TAMS 0x000000070a400000, 0x000000070a400000| Untracked 
| 143|0x000000070a500000, 0x000000070a500000, 0x000000070a600000|  0%| F|  |TAMS 0x000000070a500000, 0x000000070a500000| Untracked 
| 144|0x000000070a600000, 0x000000070a600000, 0x000000070a700000|  0%| F|  |TAMS 0x000000070a600000, 0x000000070a600000| Untracked 
| 145|0x000000070a700000, 0x000000070a700000, 0x000000070a800000|  0%| F|  |TAMS 0x000000070a700000, 0x000000070a700000| Untracked 
| 146|0x000000070a800000, 0x000000070a800000, 0x000000070a900000|  0%| F|  |TAMS 0x000000070a800000, 0x000000070a800000| Untracked 
| 147|0x000000070a900000, 0x000000070a900000, 0x000000070aa00000|  0%| F|  |TAMS 0x000000070a900000, 0x000000070a900000| Untracked 
| 148|0x000000070aa00000, 0x000000070aa00000, 0x000000070ab00000|  0%| F|  |TAMS 0x000000070aa00000, 0x000000070aa00000| Untracked 
| 149|0x000000070ab00000, 0x000000070ab00000, 0x000000070ac00000|  0%| F|  |TAMS 0x000000070ab00000, 0x000000070ab00000| Untracked 
| 150|0x000000070ac00000, 0x000000070ac00000, 0x000000070ad00000|  0%| F|  |TAMS 0x000000070ac00000, 0x000000070ac00000| Untracked 
| 151|0x000000070ad00000, 0x000000070ad00000, 0x000000070ae00000|  0%| F|  |TAMS 0x000000070ad00000, 0x000000070ad00000| Untracked 
| 152|0x000000070ae00000, 0x000000070ae00000, 0x000000070af00000|  0%| F|  |TAMS 0x000000070ae00000, 0x000000070ae00000| Untracked 
| 153|0x000000070af00000, 0x000000070af00000, 0x000000070b000000|  0%| F|  |TAMS 0x000000070af00000, 0x000000070af00000| Untracked 
| 154|0x000000070b000000, 0x000000070b000000, 0x000000070b100000|  0%| F|  |TAMS 0x000000070b000000, 0x000000070b000000| Untracked 
| 155|0x000000070b100000, 0x000000070b100000, 0x000000070b200000|  0%| F|  |TAMS 0x000000070b100000, 0x000000070b100000| Untracked 
| 156|0x000000070b200000, 0x000000070b200000, 0x000000070b300000|  0%| F|  |TAMS 0x000000070b200000, 0x000000070b200000| Untracked 
| 157|0x000000070b300000, 0x000000070b300000, 0x000000070b400000|  0%| F|  |TAMS 0x000000070b300000, 0x000000070b300000| Untracked 
| 158|0x000000070b400000, 0x000000070b400000, 0x000000070b500000|  0%| F|  |TAMS 0x000000070b400000, 0x000000070b400000| Untracked 
| 159|0x000000070b500000, 0x000000070b500000, 0x000000070b600000|  0%| F|  |TAMS 0x000000070b500000, 0x000000070b500000| Untracked 
| 160|0x000000070b600000, 0x000000070b600000, 0x000000070b700000|  0%| F|  |TAMS 0x000000070b600000, 0x000000070b600000| Untracked 
| 161|0x000000070b700000, 0x000000070b700000, 0x000000070b800000|  0%| F|  |TAMS 0x000000070b700000, 0x000000070b700000| Untracked 
| 162|0x000000070b800000, 0x000000070b800000, 0x000000070b900000|  0%| F|  |TAMS 0x000000070b800000, 0x000000070b800000| Untracked 
| 163|0x000000070b900000, 0x000000070b900000, 0x000000070ba00000|  0%| F|  |TAMS 0x000000070b900000, 0x000000070b900000| Untracked 
| 164|0x000000070ba00000, 0x000000070ba00000, 0x000000070bb00000|  0%| F|  |TAMS 0x000000070ba00000, 0x000000070ba00000| Untracked 
| 165|0x000000070bb00000, 0x000000070bb00000, 0x000000070bc00000|  0%| F|  |TAMS 0x000000070bb00000, 0x000000070bb00000| Untracked 
| 166|0x000000070bc00000, 0x000000070bc00000, 0x000000070bd00000|  0%| F|  |TAMS 0x000000070bc00000, 0x000000070bc00000| Untracked 
| 167|0x000000070bd00000, 0x000000070bd00000, 0x000000070be00000|  0%| F|  |TAMS 0x000000070bd00000, 0x000000070bd00000| Untracked 
| 168|0x000000070be00000, 0x000000070be00000, 0x000000070bf00000|  0%| F|  |TAMS 0x000000070be00000, 0x000000070be00000| Untracked 
| 169|0x000000070bf00000, 0x000000070bf00000, 0x000000070c000000|  0%| F|  |TAMS 0x000000070bf00000, 0x000000070bf00000| Untracked 
| 170|0x000000070c000000, 0x000000070c000000, 0x000000070c100000|  0%| F|  |TAMS 0x000000070c000000, 0x000000070c000000| Untracked 
| 171|0x000000070c100000, 0x000000070c100000, 0x000000070c200000|  0%| F|  |TAMS 0x000000070c100000, 0x000000070c100000| Untracked 
| 172|0x000000070c200000, 0x000000070c200000, 0x000000070c300000|  0%| F|  |TAMS 0x000000070c200000, 0x000000070c200000| Untracked 
| 173|0x000000070c300000, 0x000000070c300000, 0x000000070c400000|  0%| F|  |TAMS 0x000000070c300000, 0x000000070c300000| Untracked 
| 174|0x000000070c400000, 0x000000070c400000, 0x000000070c500000|  0%| F|  |TAMS 0x000000070c400000, 0x000000070c400000| Untracked 
| 175|0x000000070c500000, 0x000000070c500000, 0x000000070c600000|  0%| F|  |TAMS 0x000000070c500000, 0x000000070c500000| Untracked 
| 176|0x000000070c600000, 0x000000070c600000, 0x000000070c700000|  0%| F|  |TAMS 0x000000070c600000, 0x000000070c600000| Untracked 
| 177|0x000000070c700000, 0x000000070c700000, 0x000000070c800000|  0%| F|  |TAMS 0x000000070c700000, 0x000000070c700000| Untracked 
| 178|0x000000070c800000, 0x000000070c800000, 0x000000070c900000|  0%| F|  |TAMS 0x000000070c800000, 0x000000070c800000| Untracked 
| 179|0x000000070c900000, 0x000000070c900000, 0x000000070ca00000|  0%| F|  |TAMS 0x000000070c900000, 0x000000070c900000| Untracked 
| 180|0x000000070ca00000, 0x000000070ca00000, 0x000000070cb00000|  0%| F|  |TAMS 0x000000070ca00000, 0x000000070ca00000| Untracked 
| 181|0x000000070cb00000, 0x000000070cb00000, 0x000000070cc00000|  0%| F|  |TAMS 0x000000070cb00000, 0x000000070cb00000| Untracked 
| 182|0x000000070cc00000, 0x000000070cc00000, 0x000000070cd00000|  0%| F|  |TAMS 0x000000070cc00000, 0x000000070cc00000| Untracked 
| 183|0x000000070cd00000, 0x000000070cd00000, 0x000000070ce00000|  0%| F|  |TAMS 0x000000070cd00000, 0x000000070cd00000| Untracked 
| 184|0x000000070ce00000, 0x000000070ce00000, 0x000000070cf00000|  0%| F|  |TAMS 0x000000070ce00000, 0x000000070ce00000| Untracked 
| 185|0x000000070cf00000, 0x000000070cf00000, 0x000000070d000000|  0%| F|  |TAMS 0x000000070cf00000, 0x000000070cf00000| Untracked 
| 186|0x000000070d000000, 0x000000070d000000, 0x000000070d100000|  0%| F|  |TAMS 0x000000070d000000, 0x000000070d000000| Untracked 
| 187|0x000000070d100000, 0x000000070d100000, 0x000000070d200000|  0%| F|  |TAMS 0x000000070d100000, 0x000000070d100000| Untracked 
| 188|0x000000070d200000, 0x000000070d200000, 0x000000070d300000|  0%| F|  |TAMS 0x000000070d200000, 0x000000070d200000| Untracked 
| 189|0x000000070d300000, 0x000000070d300000, 0x000000070d400000|  0%| F|  |TAMS 0x000000070d300000, 0x000000070d300000| Untracked 
| 190|0x000000070d400000, 0x000000070d400000, 0x000000070d500000|  0%| F|  |TAMS 0x000000070d400000, 0x000000070d400000| Untracked 
| 191|0x000000070d500000, 0x000000070d500000, 0x000000070d600000|  0%| F|  |TAMS 0x000000070d500000, 0x000000070d500000| Untracked 
| 192|0x000000070d600000, 0x000000070d600000, 0x000000070d700000|  0%| F|  |TAMS 0x000000070d600000, 0x000000070d600000| Untracked 
| 193|0x000000070d700000, 0x000000070d700000, 0x000000070d800000|  0%| F|  |TAMS 0x000000070d700000, 0x000000070d700000| Untracked 
| 194|0x000000070d800000, 0x000000070d800000, 0x000000070d900000|  0%| F|  |TAMS 0x000000070d800000, 0x000000070d800000| Untracked 
| 195|0x000000070d900000, 0x000000070d900000, 0x000000070da00000|  0%| F|  |TAMS 0x000000070d900000, 0x000000070d900000| Untracked 
| 196|0x000000070da00000, 0x000000070da00000, 0x000000070db00000|  0%| F|  |TAMS 0x000000070da00000, 0x000000070da00000| Untracked 
| 197|0x000000070db00000, 0x000000070db00000, 0x000000070dc00000|  0%| F|  |TAMS 0x000000070db00000, 0x000000070db00000| Untracked 
| 198|0x000000070dc00000, 0x000000070dc00000, 0x000000070dd00000|  0%| F|  |TAMS 0x000000070dc00000, 0x000000070dc00000| Untracked 
| 199|0x000000070dd00000, 0x000000070dd00000, 0x000000070de00000|  0%| F|  |TAMS 0x000000070dd00000, 0x000000070dd00000| Untracked 
| 200|0x000000070de00000, 0x000000070de00000, 0x000000070df00000|  0%| F|  |TAMS 0x000000070de00000, 0x000000070de00000| Untracked 
| 201|0x000000070df00000, 0x000000070df00000, 0x000000070e000000|  0%| F|  |TAMS 0x000000070df00000, 0x000000070df00000| Untracked 
| 202|0x000000070e000000, 0x000000070e000000, 0x000000070e100000|  0%| F|  |TAMS 0x000000070e000000, 0x000000070e000000| Untracked 
| 203|0x000000070e100000, 0x000000070e100000, 0x000000070e200000|  0%| F|  |TAMS 0x000000070e100000, 0x000000070e100000| Untracked 
| 204|0x000000070e200000, 0x000000070e2c3c80, 0x000000070e300000| 76%| S|CS|TAMS 0x000000070e200000, 0x000000070e200000| Complete 
| 205|0x000000070e300000, 0x000000070e400000, 0x000000070e400000|100%| S|CS|TAMS 0x000000070e300000, 0x000000070e300000| Complete 
| 206|0x000000070e400000, 0x000000070e500000, 0x000000070e500000|100%| S|CS|TAMS 0x000000070e400000, 0x000000070e400000| Complete 
| 207|0x000000070e500000, 0x000000070e600000, 0x000000070e600000|100%| S|CS|TAMS 0x000000070e500000, 0x000000070e500000| Complete 
| 208|0x000000070e600000, 0x000000070e600000, 0x000000070e700000|  0%| F|  |TAMS 0x000000070e600000, 0x000000070e600000| Untracked 
| 209|0x000000070e700000, 0x000000070e700000, 0x000000070e800000|  0%| F|  |TAMS 0x000000070e700000, 0x000000070e700000| Untracked 
| 210|0x000000070e800000, 0x000000070e800000, 0x000000070e900000|  0%| F|  |TAMS 0x000000070e800000, 0x000000070e800000| Untracked 
| 211|0x000000070e900000, 0x000000070e900000, 0x000000070ea00000|  0%| F|  |TAMS 0x000000070e900000, 0x000000070e900000| Untracked 
| 212|0x000000070ea00000, 0x000000070ea00000, 0x000000070eb00000|  0%| F|  |TAMS 0x000000070ea00000, 0x000000070ea00000| Untracked 
| 213|0x000000070eb00000, 0x000000070eb00000, 0x000000070ec00000|  0%| F|  |TAMS 0x000000070eb00000, 0x000000070eb00000| Untracked 
| 214|0x000000070ec00000, 0x000000070ec00000, 0x000000070ed00000|  0%| F|  |TAMS 0x000000070ec00000, 0x000000070ec00000| Untracked 
| 215|0x000000070ed00000, 0x000000070ed00000, 0x000000070ee00000|  0%| F|  |TAMS 0x000000070ed00000, 0x000000070ed00000| Untracked 
| 216|0x000000070ee00000, 0x000000070ee00000, 0x000000070ef00000|  0%| F|  |TAMS 0x000000070ee00000, 0x000000070ee00000| Untracked 
| 217|0x000000070ef00000, 0x000000070ef00000, 0x000000070f000000|  0%| F|  |TAMS 0x000000070ef00000, 0x000000070ef00000| Untracked 
| 218|0x000000070f000000, 0x000000070f000000, 0x000000070f100000|  0%| F|  |TAMS 0x000000070f000000, 0x000000070f000000| Untracked 
| 219|0x000000070f100000, 0x000000070f180800, 0x000000070f200000| 50%| E|  |TAMS 0x000000070f100000, 0x000000070f100000| Complete 
| 220|0x000000070f200000, 0x000000070f300000, 0x000000070f300000|100%| E|CS|TAMS 0x000000070f200000, 0x000000070f200000| Complete 
| 221|0x000000070f300000, 0x000000070f400000, 0x000000070f400000|100%| E|CS|TAMS 0x000000070f300000, 0x000000070f300000| Complete 
| 222|0x000000070f400000, 0x000000070f500000, 0x000000070f500000|100%| E|CS|TAMS 0x000000070f400000, 0x000000070f400000| Complete 
| 223|0x000000070f500000, 0x000000070f600000, 0x000000070f600000|100%| E|CS|TAMS 0x000000070f500000, 0x000000070f500000| Complete 
| 224|0x000000070f600000, 0x000000070f700000, 0x000000070f700000|100%| E|CS|TAMS 0x000000070f600000, 0x000000070f600000| Complete 
| 225|0x000000070f700000, 0x000000070f800000, 0x000000070f800000|100%| E|CS|TAMS 0x000000070f700000, 0x000000070f700000| Complete 
| 226|0x000000070f800000, 0x000000070f900000, 0x000000070f900000|100%| E|CS|TAMS 0x000000070f800000, 0x000000070f800000| Complete 
| 227|0x000000070f900000, 0x000000070fa00000, 0x000000070fa00000|100%| E|CS|TAMS 0x000000070f900000, 0x000000070f900000| Complete 
| 228|0x000000070fa00000, 0x000000070fb00000, 0x000000070fb00000|100%| E|CS|TAMS 0x000000070fa00000, 0x000000070fa00000| Complete 
| 229|0x000000070fb00000, 0x000000070fc00000, 0x000000070fc00000|100%| E|CS|TAMS 0x000000070fb00000, 0x000000070fb00000| Complete 
| 230|0x000000070fc00000, 0x000000070fd00000, 0x000000070fd00000|100%| E|CS|TAMS 0x000000070fc00000, 0x000000070fc00000| Complete 
| 231|0x000000070fd00000, 0x000000070fe00000, 0x000000070fe00000|100%| E|CS|TAMS 0x000000070fd00000, 0x000000070fd00000| Complete 
| 232|0x000000070fe00000, 0x000000070ff00000, 0x000000070ff00000|100%| E|CS|TAMS 0x000000070fe00000, 0x000000070fe00000| Complete 
| 233|0x000000070ff00000, 0x0000000710000000, 0x0000000710000000|100%| E|CS|TAMS 0x000000070ff00000, 0x000000070ff00000| Complete 
| 234|0x0000000710000000, 0x0000000710100000, 0x0000000710100000|100%| E|CS|TAMS 0x0000000710000000, 0x0000000710000000| Complete 
| 235|0x0000000710100000, 0x0000000710200000, 0x0000000710200000|100%| E|CS|TAMS 0x0000000710100000, 0x0000000710100000| Complete 
| 236|0x0000000710200000, 0x0000000710300000, 0x0000000710300000|100%| E|CS|TAMS 0x0000000710200000, 0x0000000710200000| Complete 
| 237|0x0000000710300000, 0x0000000710400000, 0x0000000710400000|100%| E|CS|TAMS 0x0000000710300000, 0x0000000710300000| Complete 
| 238|0x0000000710400000, 0x0000000710500000, 0x0000000710500000|100%| E|CS|TAMS 0x0000000710400000, 0x0000000710400000| Complete 
| 239|0x0000000710500000, 0x0000000710600000, 0x0000000710600000|100%| E|CS|TAMS 0x0000000710500000, 0x0000000710500000| Complete 
| 240|0x0000000710600000, 0x0000000710700000, 0x0000000710700000|100%| E|CS|TAMS 0x0000000710600000, 0x0000000710600000| Complete 
| 241|0x0000000710700000, 0x0000000710800000, 0x0000000710800000|100%| E|CS|TAMS 0x0000000710700000, 0x0000000710700000| Complete 
| 242|0x0000000710800000, 0x0000000710900000, 0x0000000710900000|100%| E|CS|TAMS 0x0000000710800000, 0x0000000710800000| Complete 
| 243|0x0000000710900000, 0x0000000710a00000, 0x0000000710a00000|100%| E|CS|TAMS 0x0000000710900000, 0x0000000710900000| Complete 
| 244|0x0000000710a00000, 0x0000000710b00000, 0x0000000710b00000|100%| E|CS|TAMS 0x0000000710a00000, 0x0000000710a00000| Complete 
| 245|0x0000000710b00000, 0x0000000710c00000, 0x0000000710c00000|100%| E|CS|TAMS 0x0000000710b00000, 0x0000000710b00000| Complete 
| 246|0x0000000710c00000, 0x0000000710d00000, 0x0000000710d00000|100%| E|CS|TAMS 0x0000000710c00000, 0x0000000710c00000| Complete 
| 247|0x0000000710d00000, 0x0000000710e00000, 0x0000000710e00000|100%| E|CS|TAMS 0x0000000710d00000, 0x0000000710d00000| Complete 
| 248|0x0000000710e00000, 0x0000000710f00000, 0x0000000710f00000|100%| E|CS|TAMS 0x0000000710e00000, 0x0000000710e00000| Complete 
| 249|0x0000000710f00000, 0x0000000711000000, 0x0000000711000000|100%| E|CS|TAMS 0x0000000710f00000, 0x0000000710f00000| Complete 
| 250|0x0000000711000000, 0x0000000711100000, 0x0000000711100000|100%| E|CS|TAMS 0x0000000711000000, 0x0000000711000000| Complete 
| 251|0x0000000711100000, 0x0000000711200000, 0x0000000711200000|100%| E|CS|TAMS 0x0000000711100000, 0x0000000711100000| Complete 
| 252|0x0000000711200000, 0x0000000711300000, 0x0000000711300000|100%| E|CS|TAMS 0x0000000711200000, 0x0000000711200000| Complete 
| 253|0x0000000711300000, 0x0000000711400000, 0x0000000711400000|100%| E|CS|TAMS 0x0000000711300000, 0x0000000711300000| Complete 
| 254|0x0000000711400000, 0x0000000711500000, 0x0000000711500000|100%| E|CS|TAMS 0x0000000711400000, 0x0000000711400000| Complete 
| 255|0x0000000711500000, 0x0000000711600000, 0x0000000711600000|100%| E|CS|TAMS 0x0000000711500000, 0x0000000711500000| Complete 

Card table byte_map: [0x000001f0b6e10000,0x000001f0b7610000] _byte_map_base: 0x000001f0b3605000

Marking Bits (Prev, Next): (CMBitMap*) 0x000001f09e5ef440, (CMBitMap*) 0x000001f09e5ef408
 Prev Bits: [0x000001f0bbdc0000, 0x000001f0bfd68000)
 Next Bits: [0x000001f0b7e10000, 0x000001f0bbdb8000)

Polling page: 0x000001f09c4c0000

Metaspace:

Usage:
  Non-class:     29.39 MB capacity,    28.83 MB ( 98%) used,   468.19 KB (  2%) free+waste,   105.06 KB ( <1%) overhead. 
      Class:      4.15 MB capacity,     3.83 MB ( 92%) used,   281.02 KB (  7%) free+waste,    49.44 KB (  1%) overhead. 
       Both:     33.54 MB capacity,    32.66 MB ( 97%) used,   749.21 KB (  2%) free+waste,   154.50 KB ( <1%) overhead. 

Virtual space:
  Non-class space:       30.00 MB reserved,      29.50 MB ( 98%) committed 
      Class space:        1.00 GB reserved,       4.25 MB ( <1%) committed 
             Both:        1.03 GB reserved,      33.75 MB (  3%) committed 

Chunk freelists:
   Non-Class:  47.00 KB
       Class:  3.00 KB
        Both:  50.00 KB

MaxMetaspaceSize: 17179869184.00 GB
CompressedClassSpaceSize: 1.00 GB
Initial GC threshold: 20.80 MB
Current GC threshold: 35.00 MB
CDS: off

CodeHeap 'non-profiled nmethods': size=119168Kb used=1380Kb max_used=1380Kb free=117787Kb
 bounds [0x000001f0ae930000, 0x000001f0aeba0000, 0x000001f0b5d90000]
CodeHeap 'profiled nmethods': size=119168Kb used=7259Kb max_used=7259Kb free=111908Kb
 bounds [0x000001f0a74d0000, 0x000001f0a7bf0000, 0x000001f0ae930000]
CodeHeap 'non-nmethods': size=7424Kb used=2918Kb max_used=2924Kb free=4505Kb
 bounds [0x000001f0a6d90000, 0x000001f0a7080000, 0x000001f0a74d0000]
 total_blobs=3676 nmethods=3207 adapters=375
 compilation: enabled
              stopped_count=0, restarted_count=0
 full_count=0

Compilation events (20 events):
Event: 1.230 Thread 0x000001f0c3815000 3201       3       java.lang.reflect.Field::hashCode (19 bytes)
Event: 1.231 Thread 0x000001f0c3815000 nmethod 3201 0x000001f0a7bd4f10 code [0x000001f0a7bd5100, 0x000001f0a7bd53a8]
Event: 1.231 Thread 0x000001f0c3760800 3202       3       java.lang.reflect.Field::getDeclaredAnnotations (8 bytes)
Event: 1.231 Thread 0x000001f0c3760800 nmethod 3202 0x000001f0a7bd5510 code [0x000001f0a7bd5700, 0x000001f0a7bd5b48]
Event: 1.233 Thread 0x000001f0c428e000 3203       3       org.springframework.core.BridgeMethodResolver$$Lambda$372/0x00000008003cf040::matches (9 bytes)
Event: 1.233 Thread 0x000001f0c3da9000 3204       3       org.springframework.core.BridgeMethodResolver::lambda$findBridgedMethod$0 (6 bytes)
Event: 1.233 Thread 0x000001f0c3815000 3205       3       org.springframework.core.BridgeMethodResolver::isBridgedCandidateFor (46 bytes)
Event: 1.233 Thread 0x000001f0c428e000 nmethod 3203 0x000001f0a7bd5c90 code [0x000001f0a7bd5e60, 0x000001f0a7bd5fe8]
Event: 1.233 Thread 0x000001f0c3da9000 nmethod 3204 0x000001f0a7bd6110 code [0x000001f0a7bd62c0, 0x000001f0a7bd63c8]
Event: 1.233 Thread 0x000001f0c3da9000 3206       3       java.util.ArrayList::rangeCheckForAdd (26 bytes)
Event: 1.233 Thread 0x000001f0c3815000 nmethod 3205 0x000001f0a7bd6490 code [0x000001f0a7bd6680, 0x000001f0a7bd6af8]
Event: 1.233 Thread 0x000001f0c3da9000 nmethod 3206 0x000001f0a7bd6d10 code [0x000001f0a7bd6f60, 0x000001f0a7bd75e8]
Event: 1.235 Thread 0x000001f0c3760800 3207       3       java.io.WinNTFileSystem::normalize (224 bytes)
Event: 1.236 Thread 0x000001f0c3760800 nmethod 3207 0x000001f0a7bd7890 code [0x000001f0a7bd7ca0, 0x000001f0a7bd99f8]
Event: 1.241 Thread 0x000001f0c428e000 3208 %     3       sun.nio.cs.UTF_8$Decoder::decodeArrayLoop @ 73 (691 bytes)
Event: 1.241 Thread 0x000001f0c3815000 3209       3       java.util.Properties::loadConvert (524 bytes)
Event: 1.242 Thread 0x000001f0c3815000 nmethod 3209 0x000001f0a7bda510 code [0x000001f0a7bda840, 0x000001f0a7bdbeb8]
Event: 1.243 Thread 0x000001f0c3da9000 3211       3       java.util.LinkedHashMap::get (33 bytes)
Event: 1.244 Thread 0x000001f0c3da9000 nmethod 3211 0x000001f0a7be4f10 code [0x000001f0a7be5100, 0x000001f0a7be5548]
Event: 1.244 Thread 0x000001f0c428e000 nmethod 3208% 0x000001f0a7bdc610 code [0x000001f0a7bdcfa0, 0x000001f0a7be3168]

GC Heap History (6 events):
Event: 0.423 GC heap before
{Heap before GC invocations=0 (full 0):
 garbage-first heap   total 262144K, used 24576K [0x0000000701600000, 0x0000000800000000)
  region size 1024K, 24 young (24576K), 0 survivors (0K)
 Metaspace       used 14214K, capacity 14541K, committed 14592K, reserved 1062912K
  class space    used 1401K, capacity 1513K, committed 1536K, reserved 1048576K
}
Event: 0.426 GC heap after
{Heap after GC invocations=1 (full 0):
 garbage-first heap   total 262144K, used 4751K [0x0000000701600000, 0x0000000800000000)
  region size 1024K, 3 young (3072K), 3 survivors (3072K)
 Metaspace       used 14214K, capacity 14541K, committed 14592K, reserved 1062912K
  class space    used 1401K, capacity 1513K, committed 1536K, reserved 1048576K
}
Event: 0.676 GC heap before
{Heap before GC invocations=1 (full 0):
 garbage-first heap   total 262144K, used 33423K [0x0000000701600000, 0x0000000800000000)
  region size 1024K, 32 young (32768K), 3 survivors (3072K)
 Metaspace       used 20602K, capacity 21113K, committed 21248K, reserved 1069056K
  class space    used 2279K, capacity 2469K, committed 2560K, reserved 1048576K
}
Event: 0.679 GC heap after
{Heap after GC invocations=2 (full 0):
 garbage-first heap   total 262144K, used 6203K [0x0000000701600000, 0x0000000800000000)
  region size 1024K, 5 young (5120K), 5 survivors (5120K)
 Metaspace       used 20602K, capacity 21113K, committed 21248K, reserved 1069056K
  class space    used 2279K, capacity 2469K, committed 2560K, reserved 1048576K
}
Event: 0.909 GC heap before
{Heap before GC invocations=3 (full 0):
 garbage-first heap   total 262144K, used 49211K [0x0000000701600000, 0x0000000800000000)
  region size 1024K, 48 young (49152K), 5 survivors (5120K)
 Metaspace       used 27432K, capacity 28048K, committed 28288K, reserved 1075200K
  class space    used 3103K, capacity 3348K, committed 3456K, reserved 1048576K
}
Event: 0.912 GC heap after
{Heap after GC invocations=4 (full 0):
 garbage-first heap   total 262144K, used 8493K [0x0000000701600000, 0x0000000800000000)
  region size 1024K, 4 young (4096K), 4 survivors (4096K)
 Metaspace       used 27432K, capacity 28048K, committed 28288K, reserved 1075200K
  class space    used 3103K, capacity 3348K, committed 3456K, reserved 1048576K
}

Deoptimization events (20 events):
Event: 1.180 Thread 0x000001f09e586000 Uncommon trap: trap_request=0xffffffde fr.pc=0x000001f0ae9b0dc8 relative=0x00000000000010e8
Event: 1.180 Thread 0x000001f09e586000 Uncommon trap: reason=class_check action=maybe_recompile pc=0x000001f0ae9b0dc8 method=java.lang.invoke.LambdaForm$Name.replaceNames([Ljava/lang/invoke/LambdaForm$Name;[Ljava/lang/invoke/LambdaForm$Name;II)Ljava/lang/invoke/LambdaForm$Name; @ 33 c2
Event: 1.180 Thread 0x000001f09e586000 DEOPT PACKING pc=0x000001f0ae9b0dc8 sp=0x00000084c6ffbb40
Event: 1.180 Thread 0x000001f09e586000 DEOPT UNPACKING pc=0x000001f0a6dda1af sp=0x00000084c6ffbb10 mode 2
Event: 1.213 Thread 0x000001f09e586000 Uncommon trap: trap_request=0xffffff4d fr.pc=0x000001f0aea7bfd4 relative=0x00000000000043d4
Event: 1.213 Thread 0x000001f09e586000 Uncommon trap: reason=unstable_if action=reinterpret pc=0x000001f0aea7bfd4 method=org.springframework.beans.factory.support.AbstractAutowireCapableBeanFactory.predictBeanType(Ljava/lang/String;Lorg/springframework/beans/factory/support/RootBeanDefinition;
Event: 1.213 Thread 0x000001f09e586000 DEOPT PACKING pc=0x000001f0aea7bfd4 sp=0x00000084c6ffe6a0
Event: 1.213 Thread 0x000001f09e586000 DEOPT UNPACKING pc=0x000001f0a6dda1af sp=0x00000084c6ffe608 mode 2
Event: 1.223 Thread 0x000001f09e586000 Uncommon trap: trap_request=0xffffffbe fr.pc=0x000001f0aea36e28 relative=0x00000000000009c8
Event: 1.223 Thread 0x000001f09e586000 Uncommon trap: reason=profile_predicate action=maybe_recompile pc=0x000001f0aea36e28 method=jdk.internal.jimage.ImageStringsReader.charsFromByteBuffer([CLjava/nio/ByteBuffer;)V @ 6 c2
Event: 1.223 Thread 0x000001f09e586000 DEOPT PACKING pc=0x000001f0aea36e28 sp=0x00000084c6ff7130
Event: 1.223 Thread 0x000001f09e586000 DEOPT UNPACKING pc=0x000001f0a6dda1af sp=0x00000084c6ff7008 mode 2
Event: 1.238 Thread 0x000001f09e586000 Uncommon trap: trap_request=0xffffff4d fr.pc=0x000001f0aea383b0 relative=0x0000000000000270
Event: 1.238 Thread 0x000001f09e586000 Uncommon trap: reason=unstable_if action=reinterpret pc=0x000001f0aea383b0 method=java.util.LinkedHashMap.get(Ljava/lang/Object;)Ljava/lang/Object; @ 20 c2
Event: 1.238 Thread 0x000001f09e586000 DEOPT PACKING pc=0x000001f0aea383b0 sp=0x00000084c6ffe510
Event: 1.238 Thread 0x000001f09e586000 DEOPT UNPACKING pc=0x000001f0a6dda1af sp=0x00000084c6ffe4c8 mode 2
Event: 1.241 Thread 0x000001f09e586000 Uncommon trap: trap_request=0xffffff4d fr.pc=0x000001f0aea09d88 relative=0x0000000000000548
Event: 1.241 Thread 0x000001f09e586000 Uncommon trap: reason=unstable_if action=reinterpret pc=0x000001f0aea09d88 method=java.util.Properties.loadConvert([CIILjava/lang/StringBuilder;)Ljava/lang/String; @ 26 c2
Event: 1.241 Thread 0x000001f09e586000 DEOPT PACKING pc=0x000001f0aea09d88 sp=0x00000084c6ffdf70
Event: 1.241 Thread 0x000001f09e586000 DEOPT UNPACKING pc=0x000001f0a6dda1af sp=0x00000084c6ffdf08 mode 2

Classes redefined (0 events):
No events

Internal exceptions (20 events):
Event: 1.130 Thread 0x000001f09e586000 Exception <a 'java/lang/ClassNotFoundException'{0x000000070fb34228}: org/springframework/aop/framework/ProxyConfigCustomizer> (0x000000070fb34228) thrown at [./src/hotspot/share/classfile/systemDictionary.cpp, line 233]
Event: 1.130 Thread 0x000001f09e586000 Exception <a 'java/lang/ClassNotFoundException'{0x000000070fb45eb8}: org/springframework/aop/framework/ProxyProcessorSupportCustomizer> (0x000000070fb45eb8) thrown at [./src/hotspot/share/classfile/systemDictionary.cpp, line 233]
Event: 1.131 Thread 0x000001f09e586000 Exception <a 'java/lang/ClassNotFoundException'{0x000000070fb559a8}: org/springframework/aop/framework/autoproxy/AbstractAutoProxyCreatorCustomizer> (0x000000070fb559a8) thrown at [./src/hotspot/share/classfile/systemDictionary.cpp, line 233]
Event: 1.132 Thread 0x000001f09e586000 Exception <a 'java/lang/ClassNotFoundException'{0x000000070fb71c48}: org/springframework/aop/framework/autoproxy/AbstractAdvisorAutoProxyCreatorCustomizer> (0x000000070fb71c48) thrown at [./src/hotspot/share/classfile/systemDictionary.cpp, line 233]
Event: 1.132 Thread 0x000001f09e586000 Exception <a 'java/lang/ClassNotFoundException'{0x000000070fb823e0}: org/springframework/aop/framework/autoproxy/InfrastructureAdvisorAutoProxyCreatorCustomizer> (0x000000070fb823e0) thrown at [./src/hotspot/share/classfile/systemDictionary.cpp, line 233]
Event: 1.133 Thread 0x000001f09e586000 Exception <a 'java/lang/ClassNotFoundException'{0x000000070fb9d0c8}: org/springframework/beans/factory/config/SmartInstantiationAwareBeanPostProcessorCustomizer> (0x000000070fb9d0c8) thrown at [./src/hotspot/share/classfile/systemDictionary.cpp, line 233]
Event: 1.133 Thread 0x000001f09e586000 Exception <a 'java/lang/ClassNotFoundException'{0x000000070fbacd88}: org/springframework/beans/factory/config/InstantiationAwareBeanPostProcessorCustomizer> (0x000000070fbacd88) thrown at [./src/hotspot/share/classfile/systemDictionary.cpp, line 233]
Event: 1.133 Thread 0x000001f09e586000 Exception <a 'java/lang/ClassNotFoundException'{0x000000070fbbb178}: org/springframework/beans/factory/config/BeanPostProcessorCustomizer> (0x000000070fbbb178) thrown at [./src/hotspot/share/classfile/systemDictionary.cpp, line 233]
Event: 1.133 Thread 0x000001f09e586000 Exception <a 'java/lang/ClassNotFoundException'{0x000000070fbc6820}: org/springframework/beans/factory/BeanFactoryAwareCustomizer> (0x000000070fbc6820) thrown at [./src/hotspot/share/classfile/systemDictionary.cpp, line 233]
Event: 1.133 Thread 0x000001f09e586000 Exception <a 'java/lang/ClassNotFoundException'{0x000000070fbd10a8}: org/springframework/beans/factory/AwareCustomizer> (0x000000070fbd10a8) thrown at [./src/hotspot/share/classfile/systemDictionary.cpp, line 233]
Event: 1.133 Thread 0x000001f09e586000 Exception <a 'java/lang/ClassNotFoundException'{0x000000070fbd9a80}: org/springframework/core/OrderedCustomizer> (0x000000070fbd9a80) thrown at [./src/hotspot/share/classfile/systemDictionary.cpp, line 233]
Event: 1.134 Thread 0x000001f09e586000 Exception <a 'java/lang/ClassNotFoundException'{0x000000070fbe4918}: org/springframework/beans/factory/BeanClassLoaderAwareCustomizer> (0x000000070fbe4918) thrown at [./src/hotspot/share/classfile/systemDictionary.cpp, line 233]
Event: 1.134 Thread 0x000001f09e586000 Exception <a 'java/lang/ClassNotFoundException'{0x000000070fbee860}: org/springframework/beans/factory/AwareCustomizer> (0x000000070fbee860) thrown at [./src/hotspot/share/classfile/systemDictionary.cpp, line 233]
Event: 1.134 Thread 0x000001f09e586000 Exception <a 'java/lang/ClassNotFoundException'{0x000000070fbf8bb8}: org/springframework/aop/framework/AopInfrastructureBeanCustomizer> (0x000000070fbf8bb8) thrown at [./src/hotspot/share/classfile/systemDictionary.cpp, line 233]
Event: 1.150 Thread 0x000001f09e586000 Implicit null exception at 0x000001f0ae9ff87d to 0x000001f0aea007c0
Event: 1.180 Thread 0x000001f09e586000 Exception <a 'java/lang/NoSuchMethodError'{0x000000070f7b08f8}: 'void java.lang.invoke.DelegatingMethodHandle$Holder.delegate(java.lang.Object, java.lang.Object, int, java.lang.Object)'> (0x000000070f7b08f8) thrown at [./src/hotspot/share/interpreter/linkResolver.cpp, line 773]
Event: 1.195 Thread 0x000001f09e586000 Exception <a 'java/lang/NoSuchMethodError'{0x000000070f6b7418}: 'void java.lang.invoke.DirectMethodHandle$Holder.invokeInterface(java.lang.Object, java.lang.Object, int)'> (0x000000070f6b7418) thrown at [./src/hotspot/share/interpreter/linkResolver.cpp, line 773]
Event: 1.196 Thread 0x000001f09e586000 Exception <a 'java/lang/NoSuchMethodError'{0x000000070f6cf7c0}: 'int java.lang.invoke.DirectMethodHandle$Holder.invokeVirtual(java.lang.Object, java.lang.Object)'> (0x000000070f6cf7c0) thrown at [./src/hotspot/share/interpreter/linkResolver.cpp, line 773]
Event: 1.199 Thread 0x000001f09e586000 Exception <a 'java/lang/IncompatibleClassChangeError'{0x000000070f506078}: Found class java.lang.Object, but interface was expected> (0x000000070f506078) thrown at [./src/hotspot/share/interpreter/linkResolver.cpp, line 839]
Event: 1.199 Thread 0x000001f09e586000 Exception <a 'java/lang/NoSuchMethodError'{0x000000070f50af20}: 'void java.lang.invoke.DirectMethodHandle$Holder.invokeStatic(java.lang.Object, int, java.lang.Object)'> (0x000000070f50af20) thrown at [./src/hotspot/share/interpreter/linkResolver.cpp, line 773]

Events (20 events):
Event: 1.245 loading class org/graalvm/nativeimage/ImageInfo
Event: 1.245 loading class org/graalvm/nativeimage/ImageInfo done
Event: 1.245 loading class java/lang/reflect/InaccessibleObjectException
Event: 1.245 loading class java/lang/reflect/InaccessibleObjectException done
Event: 1.245 loading class java/net/FileNameMap
Event: 1.245 loading class java/net/FileNameMap done
Event: 1.245 loading class java/net/ContentHandlerFactory
Event: 1.246 loading class java/net/ContentHandlerFactory done
Event: 1.246 loading class java/net/UnixDomainSocketAddress
Event: 1.246 loading class java/net/UnixDomainSocketAddress done
Event: 1.246 loading class java/lang/WrongThreadException
Event: 1.246 loading class java/lang/WrongThreadException done
Event: 1.246 loading class javax/net/ssl/SSLParameters
Event: 1.246 loading class javax/net/ssl/SSLParameters done
Event: 1.246 loading class java/security/AlgorithmConstraints
Event: 1.246 loading class java/security/AlgorithmConstraints done
Event: 1.246 loading class javax/net/ssl/SSLEngine
Event: 1.246 loading class javax/net/ssl/SSLEngine done
Event: 1.246 loading class javax/net/ssl/SSLEngineResult
Event: 1.246 loading class javax/net/ssl/SSLEngineResult done


Dynamic libraries:
0x00007ff7dbe50000 - 0x00007ff7dbe5d000 	C:\Program Files\Zulu\zulu-11\bin\java.exe
0x00007ff8b0400000 - 0x00007ff8b0609000 	C:\Windows\SYSTEM32\ntdll.dll
0x00007ff8af370000 - 0x00007ff8af42e000 	C:\Windows\System32\KERNEL32.DLL
0x00007ff8ad8d0000 - 0x00007ff8adc4c000 	C:\Windows\System32\KERNELBASE.dll
0x00007ff8addb0000 - 0x00007ff8adec1000 	C:\Windows\System32\ucrtbase.dll
0x00007ff878c40000 - 0x00007ff878c57000 	C:\Program Files\Zulu\zulu-11\bin\jli.dll
0x00007ff8782d0000 - 0x00007ff8782e5000 	C:\Program Files\Zulu\zulu-11\bin\VCRUNTIME140.dll
0x00007ff8ae5c0000 - 0x00007ff8ae76d000 	C:\Windows\System32\USER32.dll
0x00007ff8a0a20000 - 0x00007ff8a0cc5000 	C:\Windows\WinSxS\amd64_microsoft.windows.common-controls_6595b64144ccf1df_6.0.22000.120_none_9d947278b86cc467\COMCTL32.dll
0x00007ff8ae130000 - 0x00007ff8ae156000 	C:\Windows\System32\win32u.dll
0x00007ff8afbe0000 - 0x00007ff8afc09000 	C:\Windows\System32\GDI32.dll
0x00007ff8ae770000 - 0x00007ff8ae813000 	C:\Windows\System32\msvcrt.dll
0x00007ff8ae160000 - 0x00007ff8ae278000 	C:\Windows\System32\gdi32full.dll
0x00007ff8add10000 - 0x00007ff8addad000 	C:\Windows\System32\msvcp_win.dll
0x00007ff8b0220000 - 0x00007ff8b0252000 	C:\Windows\System32\IMM32.DLL
0x00007ff877d30000 - 0x00007ff877dcb000 	C:\Program Files\Zulu\zulu-11\bin\msvcp140.dll
0x00007ff871a40000 - 0x00007ff8725d4000 	C:\Program Files\Zulu\zulu-11\bin\server\jvm.dll
0x00007ff8af430000 - 0x00007ff8af4de000 	C:\Windows\System32\ADVAPI32.dll
0x00007ff8afdd0000 - 0x00007ff8afe6e000 	C:\Windows\System32\sechost.dll
0x00007ff8ae2a0000 - 0x00007ff8ae3c0000 	C:\Windows\System32\RPCRT4.dll
0x00007ff8af550000 - 0x00007ff8af558000 	C:\Windows\System32\PSAPI.DLL
0x00007ff888c80000 - 0x00007ff888c89000 	C:\Windows\SYSTEM32\WSOCK32.dll
0x00007ff8a88e0000 - 0x00007ff8a8913000 	C:\Windows\SYSTEM32\WINMM.dll
0x00007ff8af4e0000 - 0x00007ff8af54f000 	C:\Windows\System32\WS2_32.dll
0x00007ff8a5880000 - 0x00007ff8a588a000 	C:\Windows\SYSTEM32\VERSION.dll
0x00007ff8ac910000 - 0x00007ff8ac928000 	C:\Windows\SYSTEM32\kernel.appcore.dll
0x00007ff8916a0000 - 0x00007ff8916b0000 	C:\Program Files\Zulu\zulu-11\bin\verify.dll
0x00007ff8a4b00000 - 0x00007ff8a4d21000 	C:\Windows\SYSTEM32\DBGHELP.DLL
0x00007ff8a2500000 - 0x00007ff8a2531000 	C:\Windows\SYSTEM32\dbgcore.DLL
0x00007ff8aded0000 - 0x00007ff8adf4f000 	C:\Windows\System32\bcryptPrimitives.dll
0x00007ff8760b0000 - 0x00007ff8760d8000 	C:\Program Files\Zulu\zulu-11\bin\java.dll
0x00007ff886f00000 - 0x00007ff886f0a000 	C:\Program Files\Zulu\zulu-11\bin\jimage.dll
0x00007ff876090000 - 0x00007ff8760a8000 	C:\Program Files\Zulu\zulu-11\bin\zip.dll
0x00007ff8ae9d0000 - 0x00007ff8af195000 	C:\Windows\System32\SHELL32.dll
0x00007ff8ab980000 - 0x00007ff8ac1e5000 	C:\Windows\SYSTEM32\windows.storage.dll
0x00007ff8afea0000 - 0x00007ff8b0218000 	C:\Windows\System32\combase.dll
0x00007ff8ab810000 - 0x00007ff8ab976000 	C:\Windows\SYSTEM32\wintypes.dll
0x00007ff8ae4d0000 - 0x00007ff8ae5ba000 	C:\Windows\System32\SHCORE.dll
0x00007ff8af560000 - 0x00007ff8af5bd000 	C:\Windows\System32\shlwapi.dll
0x00007ff8ad800000 - 0x00007ff8ad821000 	C:\Windows\SYSTEM32\profapi.dll
0x00007ff876070000 - 0x00007ff876089000 	C:\Program Files\Zulu\zulu-11\bin\net.dll
0x00007ff8a8570000 - 0x00007ff8a8684000 	C:\Windows\SYSTEM32\WINHTTP.dll
0x00007ff8ace10000 - 0x00007ff8ace77000 	C:\Windows\system32\mswsock.dll
0x00007ff876050000 - 0x00007ff876063000 	C:\Program Files\Zulu\zulu-11\bin\nio.dll
0x00007ff8a9a40000 - 0x00007ff8a9a49000 	C:\Program Files\Zulu\zulu-11\bin\management.dll
0x00007ff8a9a30000 - 0x00007ff8a9a3b000 	C:\Program Files\Zulu\zulu-11\bin\management_ext.dll
0x00007ff88d440000 - 0x00007ff88d457000 	C:\Windows\system32\napinsp.dll
0x00007ff88d420000 - 0x00007ff88d43b000 	C:\Windows\system32\pnrpnsp.dll
0x00007ff8ac470000 - 0x00007ff8ac558000 	C:\Windows\SYSTEM32\DNSAPI.dll
0x00007ff8ac440000 - 0x00007ff8ac46d000 	C:\Windows\SYSTEM32\IPHLPAPI.DLL
0x00007ff8af5c0000 - 0x00007ff8af5c9000 	C:\Windows\System32\NSI.dll
0x00007ff88d400000 - 0x00007ff88d412000 	C:\Windows\System32\winrnr.dll
0x00007ff88d3e0000 - 0x00007ff88d3f5000 	C:\Windows\system32\wshbth.dll
0x00007ff88d3c0000 - 0x00007ff88d3df000 	C:\Windows\system32\nlansp_c.dll
0x00007ff8a4af0000 - 0x00007ff8a4afa000 	C:\Windows\System32\rasadhlp.dll
0x00007ff8a6c70000 - 0x00007ff8a6cf1000 	C:\Windows\System32\fwpuclnt.dll
0x00007ff8ad170000 - 0x00007ff8ad188000 	C:\Windows\SYSTEM32\CRYPTSP.dll
0x00007ff8ac870000 - 0x00007ff8ac8a5000 	C:\Windows\system32\rsaenh.dll
0x00007ff8acec0000 - 0x00007ff8acee9000 	C:\Windows\SYSTEM32\USERENV.dll
0x00007ff8ad2b0000 - 0x00007ff8ad2d7000 	C:\Windows\SYSTEM32\bcrypt.dll
0x00007ff8ad030000 - 0x00007ff8ad03c000 	C:\Windows\SYSTEM32\CRYPTBASE.dll
0x00007ff8a87c0000 - 0x00007ff8a87d9000 	C:\Windows\SYSTEM32\dhcpcsvc6.DLL
0x00007ff8a8d20000 - 0x00007ff8a8d3e000 	C:\Windows\SYSTEM32\dhcpcsvc.DLL

dbghelp: loaded successfully - version: 4.0.5 - missing functions: none
symbol engine: initialized successfully - sym options: 0x614 - pdb path: .;C:\Program Files\Zulu\zulu-11\bin;C:\Windows\SYSTEM32;C:\Windows\WinSxS\amd64_microsoft.windows.common-controls_6595b64144ccf1df_6.0.22000.120_none_9d947278b86cc467;C:\Program Files\Zulu\zulu-11\bin\server

VM Arguments:
jvm_args: -Dfile.encoding=UTF-8 -Duser.country=KR -Duser.language=ko -Duser.variant 
java_command: com.example.sample.SampleApplication
java_class_path (initial): D:\project\practice\sample\build\classes\java\main;D:\project\practice\sample\build\resources\main;C:\Users\USER\.gradle\caches\modules-2\files-2.1\org.springframework.boot\spring-boot-starter-web\2.7.9\e745a069e2b7ca51e378fcbc397d14dd82178199\spring-boot-starter-web-2.7.9.jar;C:\Users\USER\.gradle\caches\modules-2\files-2.1\org.springframework.boot\spring-boot-starter-validation\2.7.9\7cfc9801c13eefd3d20499c2371d921eb11c328\spring-boot-starter-validation-2.7.9.jar;C:\Users\USER\.gradle\caches\modules-2\files-2.1\org.mapstruct\mapstruct\1.4.2.Final\68d82e631f75d073b3a432cb6cc1920fec57357b\mapstruct-1.4.2.Final.jar;C:\Users\USER\.gradle\caches\modules-2\files-2.1\org.springframework.boot\spring-boot-starter-json\2.7.9\671b3611eeb2fb315281ae17242ef082666e4262\spring-boot-starter-json-2.7.9.jar;C:\Users\USER\.gradle\caches\modules-2\files-2.1\org.springframework.boot\spring-boot-starter\2.7.9\19f855d327f68690cf630698e4e41c3afe134a83\spring-boot-starter-2.7.9.jar;C:\Users\USER\.gradle\caches\modules-2\files-2.1\org.springframework.boot\spring-boot-starter-tomcat\2.7.9\a1076e6ffa1d771d3ccd18e72280317a152323e8\spring-boot-starter-tomcat-2.7.9.jar;C:\Users\USER\.gradle\caches\modules-2\files-2.1\org.springframework\spring-webmvc\5.3.25\62a8258bcc4f7a58dd69af5140481b64653c90\spring-webmvc-5.3.25.jar;C:\Users\USER\.gradle\caches\modules-2\files-2.1\org.springframework\spring-web\5.3.25\c69815e7931cd3ce7f19cc8028fd1c36626120d6\spring-web-5.3.25.jar;C:\Users\USER\.gradle\caches\modules-2\files-2.1\org.apache.tomcat.embed\tomcat-embed-el\9.0.71\8fe43848c27ec921c8c5d6dcbd8b959076d7bf99\tomcat-embed-el-9.0.71.jar;C:\Users\USER\.gradle\caches\modules-2\files-2.1\org.hibernate.validator\hibernate-validator\6.2.5.Final\a68959c06e5f8ff45faff469aa16f232c04af620\hibernate-validator-6.2.5.Final.jar;C:\Users\USER\.gradle\caches\modules-2\files-2.1\org.springframework.boot\spring-boot-autoconfigure\2.7.9\849b238dd024101cad8d107b4a8b0906f75003d5\spring-boot-aut
Launcher Type: SUN_STANDARD

[Global flags]
     intx CICompilerCount                          = 12                                        {product} {ergonomic}
     uint ConcGCThreads                            = 3                                         {product} {ergonomic}
     uint G1ConcRefinementThreads                  = 13                                        {product} {ergonomic}
   size_t G1HeapRegionSize                         = 1048576                                   {product} {ergonomic}
    uintx GCDrainStackTargetSize                   = 64                                        {product} {ergonomic}
   size_t InitialHeapSize                          = 268435456                                 {product} {ergonomic}
   size_t MarkStackSize                            = 4194304                                   {product} {ergonomic}
   size_t MaxHeapSize                              = 4271898624                                {product} {ergonomic}
   size_t MaxNewSize                               = 2562719744                                {product} {ergonomic}
   size_t MinHeapDeltaBytes                        = 1048576                                   {product} {ergonomic}
    uintx NonNMethodCodeHeapSize                   = 7594288                                {pd product} {ergonomic}
    uintx NonProfiledCodeHeapSize                  = 122031976                              {pd product} {ergonomic}
    uintx ProfiledCodeHeapSize                     = 122031976                              {pd product} {ergonomic}
    uintx ReservedCodeCacheSize                    = 251658240                              {pd product} {ergonomic}
     bool SegmentedCodeCache                       = true                                      {product} {ergonomic}
     bool UseCompressedClassPointers               = true                                 {lp64_product} {ergonomic}
     bool UseCompressedOops                        = true                                 {lp64_product} {ergonomic}
     bool UseG1GC                                  = true                                      {product} {ergonomic}
     bool UseLargePagesIndividualAllocation        = false                                  {pd product} {ergonomic}

Logging:
Log output configuration:
 #0: stdout all=warning uptime,level,tags
 #1: stderr all=off uptime,level,tags

Environment Variables:
JAVA_HOME=C:\Program Files\Zulu\zulu-11
CLASSPATH=C:\Program Files\Zulu\zulu-11\lib
PATH=C:\Program Files\Zulu\zulu-11\bin\;C:\Program Files\Zulu\zulu-11\bin;C:\Program Files\Java\jdk-19\bin;C:\Program Files\Common Files\Oracle\Java\javapath;C:\Windows\system32;C:\Windows;C:\Windows\System32\Wbem;C:\Windows\System32\WindowsPowerShell\v1.0\\;C:\Windows\Cursors\Mouse menu;C:\Program Files (x86)\7-Zip;C:\Program Files (x86)\NVIDIA Corporation\PhysX\Common;C:\Program Files\NVIDIA Corporation\NVIDIA NvDLISR;C:\Program Files\Bandizip\;C:\Program Files\Git\cmd;C:\Program Files\MySQL\MySQL Shell 8.0\bin\;C:\Program Files\Java\jdk-19\bin;C:\Users\USER\AppData\Local\Microsoft\WindowsApps;C:\Users\USER\AppData\Local\Programs\Microsoft VS Code\bin;C:\Program Files\JetBrains\IntelliJ IDEA Community Edition 2022.3.1\bin;C:\Users\USER\AppData\Local\JetBrains\Toolbox\scripts;C:\Users\USER\AppData\Local\GitHubDesktop\bin;
USERNAME=USER
OS=Windows_NT
PROCESSOR_IDENTIFIER=AMD64 Family 25 Model 33 Stepping 2, AuthenticAMD
TMP=C:\Users\USER\AppData\Local\Temp
TEMP=C:\Users\USER\AppData\Local\Temp



---------------  S Y S T E M  ---------------

OS: Windows 11 , 64 bit Build 22000 (10.0.22000.1516)
OS uptime: 0 days 15:26 hours
Hyper-V role detected

CPU:total 16 (initial active 16) (16 cores per cpu, 2 threads per core) family 25 model 33 stepping 2 microcode 0x0, cmov, cx8, fxsr, mmx, sse, sse2, sse3, ssse3, sse4.1, sse4.2, popcnt, avx, avx2, aes, clmul, erms, mmxext, 3dnowpref, lzcnt, sse4a, ht, tsc, tscinvbit, tscinv, bmi1, bmi2, adx, sha, fma

Memory: 4k page, system-wide physical 16295M (5670M free)
TotalPageFile size 17831M (AvailPageFile size 10M)
current process WorkingSet (physical memory assigned to process): 173M, peak: 180M
current process commit charge ("private bytes"): 427M, peak: 434M

vm_info: OpenJDK 64-Bit Server VM (11.0.17+8-LTS) for windows-amd64 JRE (Zulu11.60+19-CA) (11.0.17+8-LTS), built on Oct  9 2022 06:13:40 by "zulu_re" with MS VC++ 15.9 (VS2017)

END.
